<?xml version="1.0" encoding="UTF-8"?>
<coverage generated="1462210230">
  <project timestamp="1462210230">
    <package name="Pachico\Magoo">
      <file name="/home/nano/Projects/magoo/src/Magoo.php">
        <class name="Magoo" namespace="Pachico\Magoo">
          <metrics methods="6" coveredmethods="6" conditionals="0" coveredconditionals="0" statements="22" coveredstatements="22" elements="28" coveredelements="28"/>
        </class>
        <line num="35" type="method" name="maskCreditCards" crap="1" count="4"/>
        <line num="37" type="stmt" count="4"/>
        <line num="38" type="stmt" count="4"/>
        <line num="48" type="method" name="maskByRegex" crap="2" count="3"/>
        <line num="50" type="stmt" count="3"/>
        <line num="52" type="stmt" count="3"/>
        <line num="54" type="stmt" count="3"/>
        <line num="55" type="stmt" count="3"/>
        <line num="59" type="stmt" count="3"/>
        <line num="68" type="method" name="maskEmails" crap="1" count="4"/>
        <line num="71" type="stmt" count="4"/>
        <line num="75" type="stmt" count="4"/>
        <line num="77" type="stmt" count="4"/>
        <line num="78" type="stmt" count="4"/>
        <line num="82" type="stmt" count="4"/>
        <line num="90" type="method" name="addCustomMask" crap="1" count="3"/>
        <line num="92" type="stmt" count="3"/>
        <line num="93" type="stmt" count="3"/>
        <line num="95" type="stmt" count="3"/>
        <line num="103" type="method" name="reset" crap="1" count="3"/>
        <line num="105" type="stmt" count="3"/>
        <line num="107" type="stmt" count="3"/>
        <line num="115" type="method" name="getMasked" crap="3" count="7"/>
        <line num="117" type="stmt" count="7"/>
        <line num="118" type="stmt" count="2"/>
        <line num="121" type="stmt" count="5"/>
        <line num="122" type="stmt" count="5"/>
        <line num="125" type="stmt" count="5"/>
        <metrics loc="127" ncloc="77" classes="1" methods="6" coveredmethods="6" conditionals="0" coveredconditionals="0" statements="22" coveredstatements="22" elements="28" coveredelements="28"/>
      </file>
    </package>
    <package name="Pachico\Magoo\Mask">
      <file name="/home/nano/Projects/magoo/src/Mask/Creditcard.php">
        <class name="Creditcard" namespace="Pachico\Magoo\Mask">
          <metrics methods="2" coveredmethods="2" conditionals="0" coveredconditionals="0" statements="19" coveredstatements="19" elements="21" coveredelements="21"/>
        </class>
        <line num="36" type="method" name="__construct" crap="4" count="6"/>
        <line num="38" type="stmt" count="6"/>
        <line num="39" type="stmt" count="5"/>
        <line num="42" type="stmt" count="6"/>
        <line num="43" type="stmt" count="6"/>
        <line num="44" type="stmt" count="6"/>
        <line num="53" type="method" name="mask" crap="6" count="4"/>
        <line num="55" type="stmt" count="4"/>
        <line num="57" type="stmt" count="4"/>
        <line num="59" type="stmt" count="4"/>
        <line num="62" type="stmt" count="4"/>
        <line num="63" type="stmt" count="1"/>
        <line num="66" type="stmt" count="4"/>
        <line num="67" type="stmt" count="4"/>
        <line num="68" type="stmt" count="4"/>
        <line num="71" type="stmt" count="4"/>
        <line num="72" type="stmt" count="1"/>
        <line num="75" type="stmt" count="4"/>
        <line num="76" type="stmt" count="4"/>
        <line num="79" type="stmt" count="4"/>
        <line num="83" type="stmt" count="4"/>
        <metrics loc="85" ncloc="51" classes="1" methods="2" coveredmethods="2" conditionals="0" coveredconditionals="0" statements="19" coveredstatements="19" elements="21" coveredelements="21"/>
      </file>
      <file name="/home/nano/Projects/magoo/src/Mask/Email.php">
        <class name="Email" namespace="Pachico\Magoo\Mask">
          <metrics methods="3" coveredmethods="3" conditionals="0" coveredconditionals="0" statements="26" coveredstatements="26" elements="29" coveredelements="29"/>
        </class>
        <line num="33" type="method" name="__construct" crap="7" count="6"/>
        <line num="35" type="stmt" count="6"/>
        <line num="36" type="stmt" count="6"/>
        <line num="39" type="stmt" count="6"/>
        <line num="40" type="stmt" count="4"/>
        <line num="43" type="stmt" count="6"/>
        <line num="44" type="stmt" count="1"/>
        <line num="46" type="stmt" count="6"/>
        <line num="53" type="method" name="maskIndividualEmailMatch" crap="3" count="4"/>
        <line num="55" type="stmt" count="4"/>
        <line num="57" type="stmt" count="4"/>
        <line num="58" type="stmt" count="4"/>
        <line num="59" type="stmt" count="4"/>
        <line num="61" type="stmt" count="4"/>
        <line num="66" type="stmt" count="4"/>
        <line num="67" type="stmt" count="3"/>
        <line num="68" type="stmt" count="3"/>
        <line num="70" type="stmt" count="3"/>
        <line num="75" type="stmt" count="4"/>
        <line num="83" type="method" name="mask" crap="5" count="4"/>
        <line num="90" type="stmt" count="4"/>
        <line num="92" type="stmt" count="4"/>
        <line num="94" type="stmt" count="4"/>
        <line num="97" type="stmt" count="4"/>
        <line num="98" type="stmt" count="1"/>
        <line num="101" type="stmt" count="4"/>
        <line num="102" type="stmt" count="4"/>
        <line num="103" type="stmt" count="4"/>
        <line num="107" type="stmt" count="4"/>
        <metrics loc="109" ncloc="77" classes="1" methods="3" coveredmethods="3" conditionals="0" coveredconditionals="0" statements="26" coveredstatements="26" elements="29" coveredelements="29"/>
      </file>
      <file name="/home/nano/Projects/magoo/src/Mask/Regex.php">
        <class name="Regex" namespace="Pachico\Magoo\Mask">
          <metrics methods="3" coveredmethods="3" conditionals="0" coveredconditionals="0" statements="9" coveredstatements="9" elements="12" coveredelements="12"/>
        </class>
        <line num="32" type="method" name="__construct" crap="5" count="4"/>
        <line num="34" type="stmt" count="4"/>
        <line num="35" type="stmt" count="4"/>
        <line num="38" type="stmt" count="4"/>
        <line num="39" type="stmt" count="4"/>
        <line num="41" type="stmt" count="4"/>
        <line num="48" type="method" name="mask" crap="3" count="3"/>
        <line num="50" type="stmt" count="3"/>
        <line num="52" type="method" name="anonymous function" crap="2" count="3"/>
        <line num="53" type="stmt" count="3"/>
        <line num="54" type="stmt" count="3"/>
        <line num="56" type="stmt" count="3"/>
        <line num="58" type="stmt" count="3"/>
        <line num="59" type="stmt" count="2"/>
        <line num="62" type="stmt" count="3"/>
        <metrics loc="64" ncloc="40" classes="1" methods="3" coveredmethods="3" conditionals="0" coveredconditionals="0" statements="12" coveredstatements="12" elements="15" coveredelements="15"/>
      </file>
    </package>
    <file name="/home/nano/Projects/magoo/src/Mask/MaskInterface.php">
      <metrics loc="28" ncloc="11" classes="0" methods="0" coveredmethods="0" conditionals="0" coveredconditionals="0" statements="0" coveredstatements="0" elements="0" coveredelements="0"/>
    </file>
    <package name="Pachico\Magoo\Util">
      <file name="/home/nano/Projects/magoo/src/Util/Luhn.php">
        <class name="Luhn" namespace="Pachico\Magoo\Util">
          <metrics methods="1" coveredmethods="1" conditionals="0" coveredconditionals="0" statements="15" coveredstatements="15" elements="16" coveredelements="16"/>
        </class>
        <line num="25" type="method" name="isLuhn" crap="5" count="5"/>
        <line num="27" type="stmt" count="5"/>
        <line num="28" type="stmt" count="1"/>
        <line num="31" type="stmt" count="5"/>
        <line num="33" type="stmt" count="5"/>
        <line num="35" type="stmt" count="5"/>
        <line num="37" type="stmt" count="5"/>
        <line num="39" type="stmt" count="5"/>
        <line num="40" type="stmt" count="5"/>
        <line num="42" type="stmt" count="5"/>
        <line num="43" type="stmt" count="5"/>
        <line num="46" type="stmt" count="5"/>
        <line num="47" type="stmt" count="5"/>
        <line num="48" type="stmt" count="5"/>
        <line num="50" type="stmt" count="5"/>
        <line num="53" type="stmt" count="5"/>
        <metrics loc="55" ncloc="39" classes="1" methods="1" coveredmethods="1" conditionals="0" coveredconditionals="0" statements="15" coveredstatements="15" elements="16" coveredelements="16"/>
      </file>
    </package>
    <file name="/home/nano/Projects/magoo/src/Util/Utilinterface.php">
      <metrics loc="18" ncloc="8" classes="0" methods="0" coveredmethods="0" conditionals="0" coveredconditionals="0" statements="0" coveredstatements="0" elements="0" coveredelements="0"/>
    </file>
    <metrics files="7" loc="486" ncloc="303" classes="5" methods="15" coveredmethods="15" conditionals="0" coveredconditionals="0" statements="94" coveredstatements="94" elements="109" coveredelements="109"/>
  </project>
</coverage>
