<?xml version="1.0" encoding="UTF-8"?>
<testsuites>
  <testsuite name="Magoo Test Suite" tests="14" assertions="84" failures="0" errors="0" time="0.038539">
    <testsuite name="Pachico\Magoo\MagooTest" file="/home/nano/Projects/magoo/tests/src/MagooTest.php" tests="8" assertions="13" failures="0" errors="0" time="0.013638">
      <testcase name="testChainedMasks" class="Pachico\Magoo\MagooTest" file="/home/nano/Projects/magoo/tests/src/MagooTest.php" line="25" assertions="1" time="0.004842"/>
      <testcase name="testChainableMasks" class="Pachico\Magoo\MagooTest" file="/home/nano/Projects/magoo/tests/src/MagooTest.php" line="41" assertions="5" time="0.001846"/>
      <testcase name="testReset" class="Pachico\Magoo\MagooTest" file="/home/nano/Projects/magoo/tests/src/MagooTest.php" line="51" assertions="1" time="0.001126"/>
      <testcase name="testEmailMask" class="Pachico\Magoo\MagooTest" file="/home/nano/Projects/magoo/tests/src/MagooTest.php" line="63" assertions="1" time="0.001031"/>
      <testcase name="testCreditcardMask" class="Pachico\Magoo\MagooTest" file="/home/nano/Projects/magoo/tests/src/MagooTest.php" line="74" assertions="1" time="0.001274"/>
      <testcase name="testRegexMask" class="Pachico\Magoo\MagooTest" file="/home/nano/Projects/magoo/tests/src/MagooTest.php" line="85" assertions="2" time="0.001516"/>
      <testcase name="testNoMask" class="Pachico\Magoo\MagooTest" file="/home/nano/Projects/magoo/tests/src/MagooTest.php" line="106" assertions="1" time="0.000888"/>
      <testcase name="testCustomMask" class="Pachico\Magoo\MagooTest" file="/home/nano/Projects/magoo/tests/src/MagooTest.php" line="116" assertions="1" time="0.001115"/>
    </testsuite>
    <testsuite name="Pachico\Magoo\Mask\CreditCardTest" file="/home/nano/Projects/magoo/tests/src/Mask/CreditCardTest.php" tests="2" assertions="9" failures="0" errors="0" time="0.006430">
      <testcase name="testConstructor" class="Pachico\Magoo\Mask\CreditCardTest" file="/home/nano/Projects/magoo/tests/src/Mask/CreditCardTest.php" line="52" assertions="3" time="0.002873"/>
      <testcase name="testMask" class="Pachico\Magoo\Mask\CreditCardTest" file="/home/nano/Projects/magoo/tests/src/Mask/CreditCardTest.php" line="67" assertions="6" time="0.003557"/>
    </testsuite>
    <testsuite name="Pachico\Magoo\Mask\EmailTest" file="/home/nano/Projects/magoo/tests/src/Mask/EmailTest.php" tests="2" assertions="11" failures="0" errors="0" time="0.003452">
      <testcase name="testMask" class="Pachico\Magoo\Mask\EmailTest" file="/home/nano/Projects/magoo/tests/src/Mask/EmailTest.php" line="41" assertions="8" time="0.002102"/>
      <testcase name="testConstruct" class="Pachico\Magoo\Mask\EmailTest" file="/home/nano/Projects/magoo/tests/src/Mask/EmailTest.php" line="52" assertions="3" time="0.001350"/>
    </testsuite>
    <testsuite name="Pachico\Magoo\Mask\RegexTest" file="/home/nano/Projects/magoo/tests/src/Mask/RegexTest.php" tests="1" assertions="3" failures="0" errors="0" time="0.001877">
      <testcase name="testMask" class="Pachico\Magoo\Mask\RegexTest" file="/home/nano/Projects/magoo/tests/src/Mask/RegexTest.php" line="22" assertions="3" time="0.001877"/>
    </testsuite>
    <testsuite name="Pachico\Magoo\Util\LuhnTest" file="/home/nano/Projects/magoo/tests/src/Util/LuhnTest.php" tests="1" assertions="48" failures="0" errors="0" time="0.013142">
      <testcase name="testIsLuhn" class="Pachico\Magoo\Util\LuhnTest" file="/home/nano/Projects/magoo/tests/src/Util/LuhnTest.php" line="78" assertions="48" time="0.013142"/>
    </testsuite>
  </testsuite>
</testsuites>
